{"/home/bert/Documentos/programming/polls-api/src/presentation/conttollers/signup.ts": {"path":"/home/bert/Documentos/programming/polls-api/src/presentation/conttollers/signup.ts","all":false,"statementMap":{"0":{"start":{"line":1,"column":0},"end":{"line":1,"column":61}},"1":{"start":{"line":2,"column":0},"end":{"line":2,"column":65}},"2":{"start":{"line":3,"column":0},"end":{"line":3,"column":51}},"3":{"start":{"line":4,"column":0},"end":{"line":4,"column":0}},"4":{"start":{"line":5,"column":0},"end":{"line":5,"column":31}},"5":{"start":{"line":6,"column":0},"end":{"line":6,"column":51}},"6":{"start":{"line":7,"column":0},"end":{"line":7,"column":44}},"7":{"start":{"line":8,"column":0},"end":{"line":8,"column":45}},"8":{"start":{"line":9,"column":0},"end":{"line":9,"column":41}},"9":{"start":{"line":10,"column":0},"end":{"line":10,"column":59}},"10":{"start":{"line":11,"column":0},"end":{"line":11,"column":7}},"11":{"start":{"line":12,"column":0},"end":{"line":12,"column":5}},"12":{"start":{"line":13,"column":0},"end":{"line":13,"column":3}},"13":{"start":{"line":14,"column":0},"end":{"line":14,"column":1}}},"s":{"0":1,"1":1,"2":1,"3":1,"4":1,"5":1,"6":2,"7":2,"8":3,"9":2,"10":2,"11":3,"12":0,"13":1},"branchMap":{"0":{"type":"branch","line":6,"loc":{"start":{"line":6,"column":2},"end":{"line":13,"column":3}},"locations":[{"start":{"line":6,"column":2},"end":{"line":13,"column":3}}]},"1":{"type":"branch","line":8,"loc":{"start":{"line":8,"column":44},"end":{"line":12,"column":5}},"locations":[{"start":{"line":8,"column":44},"end":{"line":12,"column":5}}]},"2":{"type":"branch","line":9,"loc":{"start":{"line":9,"column":40},"end":{"line":11,"column":7}},"locations":[{"start":{"line":9,"column":40},"end":{"line":11,"column":7}}]},"3":{"type":"branch","line":13,"loc":{"start":{"line":13,"column":-1},"end":{"line":13,"column":3}},"locations":[{"start":{"line":13,"column":-1},"end":{"line":13,"column":3}}]}},"b":{"0":[2],"1":[3],"2":[2],"3":[0]},"fnMap":{"0":{"name":"handle","decl":{"start":{"line":6,"column":2},"end":{"line":13,"column":3}},"loc":{"start":{"line":6,"column":2},"end":{"line":13,"column":3}},"line":6}},"f":{"0":2}}
,"/home/bert/Documentos/programming/polls-api/src/presentation/errors/missing-param-error.ts": {"path":"/home/bert/Documentos/programming/polls-api/src/presentation/errors/missing-param-error.ts","all":false,"statementMap":{"0":{"start":{"line":1,"column":0},"end":{"line":1,"column":46}},"1":{"start":{"line":2,"column":0},"end":{"line":2,"column":35}},"2":{"start":{"line":3,"column":0},"end":{"line":3,"column":40}},"3":{"start":{"line":4,"column":0},"end":{"line":4,"column":35}},"4":{"start":{"line":5,"column":0},"end":{"line":5,"column":3}},"5":{"start":{"line":6,"column":0},"end":{"line":6,"column":1}}},"s":{"0":1,"1":1,"2":4,"3":4,"4":4,"5":1},"branchMap":{"0":{"type":"branch","line":2,"loc":{"start":{"line":2,"column":2},"end":{"line":5,"column":3}},"locations":[{"start":{"line":2,"column":2},"end":{"line":5,"column":3}}]}},"b":{"0":[4]},"fnMap":{"0":{"name":"MissingParamError","decl":{"start":{"line":2,"column":2},"end":{"line":5,"column":3}},"loc":{"start":{"line":2,"column":2},"end":{"line":5,"column":3}},"line":2}},"f":{"0":4}}
,"/home/bert/Documentos/programming/polls-api/src/presentation/helpers/http-helper.ts": {"path":"/home/bert/Documentos/programming/polls-api/src/presentation/helpers/http-helper.ts","all":false,"statementMap":{"0":{"start":{"line":1,"column":0},"end":{"line":1,"column":48}},"1":{"start":{"line":2,"column":0},"end":{"line":2,"column":0}},"2":{"start":{"line":3,"column":0},"end":{"line":3,"column":60}},"3":{"start":{"line":4,"column":0},"end":{"line":4,"column":18}},"4":{"start":{"line":5,"column":0},"end":{"line":5,"column":13}},"5":{"start":{"line":6,"column":0},"end":{"line":6,"column":2}}},"s":{"0":1,"1":1,"2":1,"3":2,"4":2,"5":2},"branchMap":{"0":{"type":"branch","line":3,"loc":{"start":{"line":3,"column":26},"end":{"line":6,"column":2}},"locations":[{"start":{"line":3,"column":26},"end":{"line":6,"column":2}}]}},"b":{"0":[2]},"fnMap":{"0":{"name":"badRequest","decl":{"start":{"line":3,"column":26},"end":{"line":6,"column":2}},"loc":{"start":{"line":3,"column":26},"end":{"line":6,"column":2}},"line":3}},"f":{"0":2}}
}
